<?xml version="1.0" encoding="UTF-8"?>
<!-- Generated by org.testng.reporters.JUnitReportReporter -->
<testsuite skipped="0" hostname="SSSI6" name="com.test.VegitableTest" tests="8" failures="0" timestamp="26 Feb 2024 00:51:27 GMT" time="0.000" errors="0">
  <testcase name="methi" time="0.000" classname="com.test.VegitableTest"/>
  <testcase name="potatos" time="0.000" classname="com.test.VegitableTest"/>
  <testcase name="tomato" time="0.000" classname="com.test.VegitableTest"/>
  <testcase name="spinach" time="0.000" classname="com.test.VegitableTest"/>
  <testcase name="redleaves" time="0.000" classname="com.test.VegitableTest"/>
  <testcase name="onion" time="0.000" classname="com.test.VegitableTest"/>
  <testcase name="cucumber" time="0.000" classname="com.test.VegitableTest"/>
  <testcase name="eggplant" time="0.000" classname="com.test.VegitableTest"/>
</testsuite> <!-- com.test.VegitableTest -->
