<?xml version="1.0" encoding="UTF-8"?>
<!-- Generated by org.testng.reporters.JUnitReportReporter -->
<testsuite skipped="0" hostname="SSSI6" name="com.ng1.WalmartTest" tests="1" failures="0" timestamp="26 Feb 2024 00:51:27 GMT" time="11.612" errors="0">
  <testcase name="walmart" time="11.612" classname="com.ng1.WalmartTest"/>
</testsuite> <!-- com.ng1.WalmartTest -->
