<?xml version="1.0" encoding="UTF-8"?>
<!-- Generated by org.testng.reporters.JUnitReportReporter -->
<testsuite skipped="0" hostname="SSSI6" name="com.test.VeggiesTest" tests="4" failures="0" timestamp="26 Feb 2024 00:51:27 GMT" time="0.001" errors="0">
  <testcase name="methi" time="0.001" classname="com.test.VeggiesTest"/>
  <testcase name="redleaves" time="0.000" classname="com.test.VeggiesTest"/>
  <testcase name="cucumber" time="0.000" classname="com.test.VeggiesTest"/>
  <testcase name="spinach" time="0.000" classname="com.test.VeggiesTest"/>
</testsuite> <!-- com.test.VeggiesTest -->
