<?xml version="1.0" encoding="UTF-8"?>
<!-- Generated by org.testng.reporters.JUnitReportReporter -->
<testsuite skipped="0" hostname="SSSI6" name="com.test.FruitsTest" tests="1" failures="0" timestamp="26 Feb 2024 00:51:27 GMT" time="0.003" errors="0">
  <testcase name="dragon" time="0.003" classname="com.test.FruitsTest"/>
</testsuite> <!-- com.test.FruitsTest -->
